<?xml version="1.0" encoding="UTF-8"?>
<!-- Generated by org.testng.reporters.JUnitXMLReporter -->
<testsuite hostname="LAPTOP-GGRP9JA9" ignored="3" name="DOC Test" tests="2" failures="1" timestamp="05 Mar 2019 16:44:10 GMT" time="55.111" errors="0">
  <testcase name="realizarLogin" time="8.309" classname="br.com.framework.test.RealizarLoginTeste"/>
  <testcase name="realizarOutroLogin" time="19.528" classname="br.com.framework.test.RealizarOutroLoginTeste">
    <failure type="java.lang.AssertionError" message="expected [true] but found [false]">
      <![CDATA[java.lang.AssertionError: expected [true] but found [false]
at br.com.framework.test.RealizarOutroLoginTeste.realizarOutroLogin(RealizarOutroLoginTeste.java:37)
... Removed 29 stack frames]]>
    </failure>
  </testcase> <!-- realizarOutroLogin -->
  <testcase name="@AfterSuite executaFimSuite" time="0.0" classname="br.com.framework.utils.BaseTeste">
    <ignored/>
  </testcase> <!-- @AfterSuite executaFimSuite -->
  <testcase name="@AfterTest tearDown" time="0.0" classname="br.com.framework.utils.BaseTeste">
    <ignored/>
  </testcase> <!-- @AfterTest tearDown -->
  <testcase name="@BeforeTest setUpTest" time="0.0" classname="br.com.framework.utils.BaseTeste">
    <ignored/>
  </testcase> <!-- @BeforeTest setUpTest -->
</testsuite> <!-- DOC Test -->
