<?xml version="1.0" encoding="UTF-8"?>
<!-- Generated by org.testng.reporters.JUnitXMLReporter -->
<testsuite hostname="LAPTOP-GGRP9JA9" ignored="1" name="Regressivo" tests="2" failures="0" timestamp="03 mar 2019 16:15:11 GMT" time="41.394" errors="0">
  <testcase name="realizarLogin" time="4.958" classname="br.com.framework.test.RealizarLoginTeste"/>
  <testcase name="realizarOutroLogin" time="5.456" classname="br.com.framework.test.RealizarOutroLoginTeste"/>
  <testcase name="@AfterSuite executaFimSuite" time="0.0" classname="br.com.framework.utils.BaseTeste">
    <ignored/>
  </testcase> <!-- @AfterSuite executaFimSuite -->
</testsuite> <!-- Regressivo -->
